<?xml version="1.0" encoding="UTF-8"?>
<!-- Generated by org.testng.reporters.JUnitReportReporter -->
<testsuite hostname="Rayapati" failures="0" tests="1" name="com.bude.TestCases.TC_001_Login" time="3.765" errors="0" timestamp="2022-06-21T11:03:47 IST" skipped="0">
  <testcase classname="com.bude.TestCases.TC_001_Login" name="loginToBude" time="3.765"/>
  <system-out/>
</testsuite> <!-- com.bude.TestCases.TC_001_Login -->
