<?xml version="1.0" encoding="UTF-8"?>
<!-- Generated by org.testng.reporters.JUnitReportReporter -->
<testsuite hostname="Rayapati" failures="0" tests="1" name="com.bude.TestCases.TC_003_ChangePassword" time="4.843" errors="0" timestamp="2022-06-22T11:30:16 IST" skipped="0">
  <testcase classname="com.bude.TestCases.TC_003_ChangePassword" name="Changepwd" time="4.843"/>
  <system-out/>
</testsuite> <!-- com.bude.TestCases.TC_003_ChangePassword -->
