<?xml version="1.0" encoding="UTF-8"?>
<!-- Generated by org.testng.reporters.JUnitReportReporter -->
<testsuite hostname="Rayapati" failures="0" tests="1" name="com.bude.TestCases.TC_002_Login" time="2.968" errors="0" timestamp="2022-06-21T10:32:05 IST" skipped="0">
  <testcase classname="com.bude.TestCases.TC_002_Login" name="loginToBude" time="2.968"/>
  <system-out/>
</testsuite> <!-- com.bude.TestCases.TC_002_Login -->
