<?xml version="1.0" encoding="UTF-8"?>
<!-- Generated by org.testng.reporters.JUnitReportReporter -->
<testsuite hostname="Rayapati" failures="0" tests="1" name="com.bude.testcases.TC_004_CreateCity" time="7.402" errors="0" timestamp="2022-06-22T15:27:01 IST" skipped="0">
  <testcase classname="com.bude.testcases.TC_004_CreateCity" name="createCity" time="7.402"/>
  <system-out/>
</testsuite> <!-- com.bude.testcases.TC_004_CreateCity -->
