<?xml version="1.0" encoding="UTF-8"?>
<!-- Generated by org.testng.reporters.JUnitReportReporter -->
<testsuite hostname="Rayapati" failures="0" tests="1" name="com.bude.testcases.TC_001_Login" time="2.407" errors="0" timestamp="2022-06-22T12:21:03 IST" skipped="0">
  <testcase classname="com.bude.testcases.TC_001_Login" name="loginToBude" time="2.407"/>
  <system-out/>
</testsuite> <!-- com.bude.testcases.TC_001_Login -->
